<?xml version="1.0" encoding="UTF-8"?>
<!-- Generated by org.testng.reporters.JUnitReportReporter -->
<testsuite hostname="DESKTOP-E3O54S5" failures="0" tests="1" name="Tests.HotlineSearchTest" time="7.236" errors="0" timestamp="2023-04-24T18:18:05 EEST" skipped="0">
  <testcase classname="Tests.HotlineSearchTest" name="Search" time="7.236"/>
  <system-out/>
</testsuite> <!-- Tests.HotlineSearchTest -->
