<?xml version="1.0" encoding="UTF-8"?>
<!-- Generated by org.testng.reporters.JUnitReportReporter -->
<testsuite hostname="DESKTOP-E3O54S5" failures="0" tests="1" name="Tests.HotlineCityChangingTest" time="9.398" errors="0" timestamp="2023-03-31T15:08:12 EEST" skipped="0">
  <testcase classname="Tests.HotlineCityChangingTest" name="CityChanging" time="9.398"/>
  <system-out/>
</testsuite> <!-- Tests.HotlineCityChangingTest -->
