<?xml version="1.0" encoding="UTF-8"?>
<!-- Generated by org.testng.reporters.JUnitReportReporter -->
<testsuite hostname="DESKTOP-E3O54S5" failures="0" tests="1" name="Tests.HotlineSearchTest" time="14.148" errors="0" timestamp="2023-03-31T15:08:12 EEST" skipped="0">
  <testcase classname="Tests.HotlineSearchTest" name="Search" time="14.148"/>
  <system-out/>
</testsuite> <!-- Tests.HotlineSearchTest -->
