<?xml version="1.0" encoding="UTF-8"?>
<!-- Generated by org.testng.reporters.JUnitReportReporter -->
<testsuite hostname="DESKTOP-E3O54S5" failures="0" tests="1" name="Tests.HotlineFooterLogoTest" time="4.383" errors="0" timestamp="2023-04-24T18:18:05 EEST" skipped="0">
  <testcase classname="Tests.HotlineFooterLogoTest" name="BottomLogo" time="4.383"/>
  <system-out/>
</testsuite> <!-- Tests.HotlineFooterLogoTest -->
