<?xml version="1.0" encoding="UTF-8"?>
<!-- Generated by org.testng.reporters.JUnitReportReporter -->
<testsuite hostname="DESKTOP-E3O54S5" failures="0" tests="3" name="Tests.HotlineLoginTest" time="11.018" errors="0" timestamp="2023-04-24T18:18:05 EEST" skipped="0">
  <testcase classname="Tests.HotlineLoginTest" name="Login" time="3.533"/>
  <system-out/>
  <testcase classname="Tests.HotlineLoginTest" name="Login" time="3.882"/>
  <system-out/>
  <testcase classname="Tests.HotlineLoginTest" name="Login" time="3.603"/>
  <system-out/>
</testsuite> <!-- Tests.HotlineLoginTest -->
