<?xml version="1.0" encoding="UTF-8"?>
<!-- Generated by org.testng.reporters.JUnitReportReporter -->
<testsuite hostname="DESKTOP-E3O54S5" failures="0" tests="1" name="Tests.HotlineFinanceTabTest" time="22.370" errors="0" timestamp="2023-03-31T15:08:12 EEST" skipped="0">
  <testcase classname="Tests.HotlineFinanceTabTest" name="BrowserTabs" time="22.370"/>
  <system-out/>
</testsuite> <!-- Tests.HotlineFinanceTabTest -->
