<?xml version="1.0" encoding="UTF-8"?>
<!-- Generated by org.testng.reporters.JUnitReportReporter -->
<testsuite hostname="DESKTOP-E3O54S5" failures="0" tests="1" name="Tests.HotlineFooterLogoTest" time="11.932" errors="0" timestamp="2023-03-31T15:08:12 EEST" skipped="0">
  <testcase classname="Tests.HotlineFooterLogoTest" name="BottomLogo" time="11.932"/>
  <system-out/>
</testsuite> <!-- Tests.HotlineFooterLogoTest -->
