<?xml version="1.0" encoding="UTF-8"?>
<!-- Generated by org.testng.reporters.JUnitReportReporter -->
<testsuite hostname="DESKTOP-E3O54S5" failures="0" tests="1" name="Tests.HotlineHeaderLogoTest" time="8.423" errors="0" timestamp="2023-04-24T18:18:05 EEST" skipped="0">
  <testcase classname="Tests.HotlineHeaderLogoTest" name="HeaderLogo" time="8.423"/>
  <system-out/>
</testsuite> <!-- Tests.HotlineHeaderLogoTest -->
