<?xml version="1.0" encoding="UTF-8"?>
<!-- Generated by org.testng.reporters.JUnitReportReporter -->
<testsuite hostname="DESKTOP-E3O54S5" failures="0" tests="3" name="Tests.HotlineLoginTest" time="15.026" errors="0" timestamp="2023-03-31T15:08:12 EEST" skipped="0">
  <testcase classname="Tests.HotlineLoginTest" name="Login" time="5.473"/>
  <system-out/>
  <testcase classname="Tests.HotlineLoginTest" name="Login" time="4.946"/>
  <system-out/>
  <testcase classname="Tests.HotlineLoginTest" name="Login" time="4.607"/>
  <system-out/>
</testsuite> <!-- Tests.HotlineLoginTest -->
